   1               		.file	"usb.c"
   2               	__SREG__ = 0x3f
   3               	__SP_H__ = 0x3e
   4               	__SP_L__ = 0x3d
   5               	__CCP__  = 0x34
   6               	__tmp_reg__ = 0
   7               	__zero_reg__ = 1
  15               	.Ltext0:
  16               	.global	USB_Init
  18               	USB_Init:
  19               	.LFB6:
  20               	.LM1:
  21               	/* prologue: function */
  22               	/* frame size = 0 */
  23               	.LM2:
  24 0000 5298      		cbi 42-32,2
  25               	.LM3:
  26 0002 5398      		cbi 42-32,3
  27               	.LM4:
  28 0004 5A9A      		sbi 43-32,2
  29               	.LM5:
  30 0006 5B9A      		sbi 43-32,3
  31               	/* epilogue start */
  32               	.LM6:
  33 0008 0895      		ret
  34               	.LFE6:
  60               	.Letext0:
DEFINED SYMBOLS
                            *ABS*:00000000 usb.c
C:\Users\WALTON\AppData\Local\Temp/ccpX2e7k.s:2      *ABS*:0000003f __SREG__
C:\Users\WALTON\AppData\Local\Temp/ccpX2e7k.s:3      *ABS*:0000003e __SP_H__
C:\Users\WALTON\AppData\Local\Temp/ccpX2e7k.s:4      *ABS*:0000003d __SP_L__
C:\Users\WALTON\AppData\Local\Temp/ccpX2e7k.s:5      *ABS*:00000034 __CCP__
C:\Users\WALTON\AppData\Local\Temp/ccpX2e7k.s:6      *ABS*:00000000 __tmp_reg__
C:\Users\WALTON\AppData\Local\Temp/ccpX2e7k.s:7      *ABS*:00000001 __zero_reg__
C:\Users\WALTON\AppData\Local\Temp/ccpX2e7k.s:18     .text:00000000 USB_Init

NO UNDEFINED SYMBOLS
